<?xml version="1.0" encoding="UTF-8"?>
<!-- Generated by org.testng.reporters.JUnitXMLReporter -->
<testsuite hostname="33IT6FL23404W1" ignored="0" name="Test" tests="10" failures="0" timestamp="07 Mar 2019 13:19:27 GMT" time="6.683" errors="0">
  <testcase name="bookNotUnit" time="3.269" classname="TestFramework.BookUnit"/>
  <testcase name="bookUnit" time="0.546" classname="TestFramework.BookUnit"/>
  <testcase name="noUnit" time="0.546" classname="TestFramework.BookUnit"/>
  <testcase name="getNoUnit" time="0.374" classname="TestFramework.GetUnit"/>
  <testcase name="getUnit" time="0.613" classname="TestFramework.GetUnit"/>
  <testcase name="getfakeUnit" time="0.536" classname="TestFramework.GetUnit"/>
  <testcase name="listUnits" time="0.326" classname="TestFramework.ListUnits"/>
  <testcase name="listUnitsNoAuth" time="0.042" classname="TestFramework.ListUnits"/>
  <testcase name="refreshToken" time="0.351" classname="TestFramework.RefreshToken"/>
  <testcase name="loginfake" time="0.041" classname="TestFramework.Login"/>
</testsuite> <!-- Test -->
