<?xml version="1.0" encoding="UTF-8"?>
<!-- Generated by org.testng.reporters.JUnitXMLReporter -->
<testsuite hostname="33IT6FL23404W1" ignored="0" name="Test" tests="10" failures="0" timestamp="07 Mar 2019 10:14:33 GMT" time="6.916" errors="0">
  <testcase name="bookNotUnit" time="3.346" classname="TestFramework.BookUnit"/>
  <testcase name="bookUnit" time="0.545" classname="TestFramework.BookUnit"/>
  <testcase name="noUnit" time="0.559" classname="TestFramework.BookUnit"/>
  <testcase name="getNoUnit" time="0.447" classname="TestFramework.GetUnit"/>
  <testcase name="getUnit" time="0.556" classname="TestFramework.GetUnit"/>
  <testcase name="getfakeUnit" time="0.61" classname="TestFramework.GetUnit"/>
  <testcase name="listUnits" time="0.328" classname="TestFramework.ListUnits"/>
  <testcase name="listUnitsNoAuth" time="0.04" classname="TestFramework.ListUnits"/>
  <testcase name="refreshToken" time="0.411" classname="TestFramework.RefreshToken"/>
  <testcase name="loginfake" time="0.04" classname="TestFramework.Login"/>
</testsuite> <!-- Test -->
