<?xml version="1.0" encoding="UTF-8"?>
<testng-results skipped="0" failed="0" ignored="0" total="10" passed="10">
  <reporter-output>
  </reporter-output>
  <suite name="Suite" duration-ms="6683" started-at="2019-03-07T13:19:20Z" finished-at="2019-03-07T13:19:27Z">
    <groups>
    </groups>
    <test name="Test" duration-ms="6683" started-at="2019-03-07T13:19:20Z" finished-at="2019-03-07T13:19:27Z">
      <class name="TestFramework.Login">
        <test-method status="PASS" signature="loginfake()[pri:0, instance:TestFramework.Login@271053e1]" name="loginfake" duration-ms="41" started-at="2019-03-07T13:19:27Z" finished-at="2019-03-07T13:19:27Z">
          <reporter-output>
          </reporter-output>
        </test-method> <!-- loginfake -->
      </class> <!-- TestFramework.Login -->
      <class name="TestFramework.GetUnit">
        <test-method status="PASS" signature="getNoUnit()[pri:0, instance:TestFramework.GetUnit@5f341870]" name="getNoUnit" duration-ms="374" started-at="2019-03-07T13:19:25Z" finished-at="2019-03-07T13:19:25Z">
          <reporter-output>
          </reporter-output>
        </test-method> <!-- getNoUnit -->
        <test-method status="PASS" signature="getUnit()[pri:0, instance:TestFramework.GetUnit@5f341870]" name="getUnit" duration-ms="613" started-at="2019-03-07T13:19:25Z" finished-at="2019-03-07T13:19:26Z">
          <reporter-output>
          </reporter-output>
        </test-method> <!-- getUnit -->
        <test-method status="PASS" signature="getfakeUnit()[pri:0, instance:TestFramework.GetUnit@5f341870]" name="getfakeUnit" duration-ms="536" started-at="2019-03-07T13:19:26Z" finished-at="2019-03-07T13:19:26Z">
          <reporter-output>
          </reporter-output>
        </test-method> <!-- getfakeUnit -->
      </class> <!-- TestFramework.GetUnit -->
      <class name="TestFramework.BookUnit">
        <test-method status="PASS" signature="bookNotUnit()[pri:0, instance:TestFramework.BookUnit@14bf9759]" name="bookNotUnit" duration-ms="3269" started-at="2019-03-07T13:19:21Z" finished-at="2019-03-07T13:19:24Z">
          <reporter-output>
          </reporter-output>
        </test-method> <!-- bookNotUnit -->
        <test-method status="PASS" signature="bookUnit()[pri:0, instance:TestFramework.BookUnit@14bf9759]" name="bookUnit" duration-ms="546" started-at="2019-03-07T13:19:24Z" finished-at="2019-03-07T13:19:24Z">
          <reporter-output>
          </reporter-output>
        </test-method> <!-- bookUnit -->
        <test-method status="PASS" signature="noUnit()[pri:0, instance:TestFramework.BookUnit@14bf9759]" name="noUnit" duration-ms="546" started-at="2019-03-07T13:19:24Z" finished-at="2019-03-07T13:19:25Z">
          <reporter-output>
          </reporter-output>
        </test-method> <!-- noUnit -->
      </class> <!-- TestFramework.BookUnit -->
      <class name="TestFramework.RefreshToken">
        <test-method status="PASS" signature="refreshToken()[pri:0, instance:TestFramework.RefreshToken@4f7d0008]" name="refreshToken" duration-ms="351" started-at="2019-03-07T13:19:27Z" finished-at="2019-03-07T13:19:27Z">
          <reporter-output>
          </reporter-output>
        </test-method> <!-- refreshToken -->
      </class> <!-- TestFramework.RefreshToken -->
      <class name="TestFramework.ListUnits">
        <test-method status="PASS" signature="listUnits()[pri:0, instance:TestFramework.ListUnits@553f17c]" name="listUnits" duration-ms="326" started-at="2019-03-07T13:19:26Z" finished-at="2019-03-07T13:19:27Z">
          <reporter-output>
          </reporter-output>
        </test-method> <!-- listUnits -->
        <test-method status="PASS" signature="listUnitsNoAuth()[pri:0, instance:TestFramework.ListUnits@553f17c]" name="listUnitsNoAuth" duration-ms="42" started-at="2019-03-07T13:19:27Z" finished-at="2019-03-07T13:19:27Z">
          <reporter-output>
          </reporter-output>
        </test-method> <!-- listUnitsNoAuth -->
      </class> <!-- TestFramework.ListUnits -->
    </test> <!-- Test -->
  </suite> <!-- Suite -->
</testng-results>
